<?xml version="1.0" encoding="UTF-8"?>
<testsuite name="tests.LoginTests" tests="1" skipped="0" failures="0" errors="0" timestamp="2023-03-15T21:19:28" hostname="MOE-5846675709" time="0.001">
  <properties/>
  <testcase name="test" classname="tests.LoginTests" time="0.001"/>
  <system-out><![CDATA[]]></system-out>
  <system-err><![CDATA[]]></system-err>
</testsuite>
